0 info it worked if it ends with ok
1 verbose cli [ '/Users/uznam8x/.nvm/versions/node/v6.11.4/bin/node',
1 verbose cli   '/Users/uznam8x/.nvm/versions/node/v6.11.4/bin/npm',
1 verbose cli   'publish' ]
2 info using npm@3.10.10
3 info using node@v6.11.4
4 verbose publish [ '.' ]
5 silly cache add args [ '.', null ]
6 verbose cache add spec .
7 silly cache add parsed spec Result {
7 silly cache add   raw: '.',
7 silly cache add   scope: null,
7 silly cache add   escapedName: null,
7 silly cache add   name: null,
7 silly cache add   rawSpec: '.',
7 silly cache add   spec: '/Applications/MAMP/htdocs/web/generator-codenut',
7 silly cache add   type: 'directory' }
8 verbose addLocalDirectory /Users/uznam8x/.npm/generator-codenut/0.2.24/package.tgz not in flight; packing
9 verbose correctMkdir /Users/uznam8x/.npm correctMkdir not in flight; initializing
10 info lifecycle generator-codenut@0.2.24~prepublish: generator-codenut@0.2.24
11 verbose lifecycle generator-codenut@0.2.24~prepublish: unsafe-perm in lifecycle true
12 verbose lifecycle generator-codenut@0.2.24~prepublish: PATH: /Users/uznam8x/.nvm/versions/node/v6.11.4/lib/node_modules/npm/bin/node-gyp-bin:/Applications/MAMP/htdocs/web/generator-codenut/node_modules/.bin:/Users/uznam8x/.nvm/versions/node/v6.11.4/bin:/usr/local/php5/bin:/usr/local/bin:/usr/bin:/bin:/usr/sbin:/sbin:/Applications/Wireshark.app/Contents/MacOS:/Users/uznam8x/.composer/vendor/bin
13 verbose lifecycle generator-codenut@0.2.24~prepublish: CWD: /Applications/MAMP/htdocs/web/generator-codenut
14 silly lifecycle generator-codenut@0.2.24~prepublish: Args: [ '-c', 'nsp check' ]
15 silly lifecycle generator-codenut@0.2.24~prepublish: Returned: code: 0  signal: null
16 verbose tar pack [ '/Users/uznam8x/.npm/generator-codenut/0.2.24/package.tgz',
16 verbose tar pack   '/Applications/MAMP/htdocs/web/generator-codenut' ]
17 verbose tarball /Users/uznam8x/.npm/generator-codenut/0.2.24/package.tgz
18 verbose folder /Applications/MAMP/htdocs/web/generator-codenut
19 verbose addLocalTarball adding from inside cache /Users/uznam8x/.npm/generator-codenut/0.2.24/package.tgz
20 verbose correctMkdir /Users/uznam8x/.npm correctMkdir not in flight; initializing
21 silly cache afterAdd generator-codenut@0.2.24
22 verbose afterAdd /Users/uznam8x/.npm/generator-codenut/0.2.24/package/package.json not in flight; writing
23 verbose correctMkdir /Users/uznam8x/.npm correctMkdir not in flight; initializing
24 verbose afterAdd /Users/uznam8x/.npm/generator-codenut/0.2.24/package/package.json written
25 silly publish { name: 'generator-codenut',
25 silly publish   version: '0.2.24',
25 silly publish   description: 'yoman generator codenut for website',
25 silly publish   homepage: 'http://codenut.prisf.com',
25 silly publish   author:
25 silly publish    { name: 'uznam8x',
25 silly publish      email: 'uznam8x@gmail.com',
25 silly publish      url: 'http://codenut.prisf.com' },
25 silly publish   files: [ 'generators' ],
25 silly publish   main: 'generators/index.js',
25 silly publish   keywords:
25 silly publish    [ 'codenut',
25 silly publish      'yeoman-generator',
25 silly publish      'generator-codenut',
25 silly publish      'uznam8x',
25 silly publish      'prisf',
25 silly publish      'web',
25 silly publish      'sass',
25 silly publish      'gulp',
25 silly publish      'front-end',
25 silly publish      'javascript',
25 silly publish      'webpack' ],
25 silly publish   devDependencies:
25 silly publish    { 'yeoman-test': '^1.6.0',
25 silly publish      'yeoman-assert': '^3.0.0',
25 silly publish      coveralls: '^2.13.1',
25 silly publish      nsp: '^2.6.3',
25 silly publish      eslint: '^4.1.0',
25 silly publish      prettier: '^1.7.0',
25 silly publish      husky: '^0.14.3',
25 silly publish      'lint-staged': '^4.2.1',
25 silly publish      'eslint-config-prettier': '^2.4.0',
25 silly publish      'eslint-plugin-prettier': '^2.2.0',
25 silly publish      'eslint-config-xo': '^0.18.2',
25 silly publish      jest: '^21.0.0',
25 silly publish      'jest-cli': '^21.0.0' },
25 silly publish   dependencies:
25 silly publish    { 'yeoman-generator': '^1.0.0',
25 silly publish      chalk: '^1.1.3',
25 silly publish      yosay: '^2.0.0' },
25 silly publish   jest: { testEnvironment: 'node' },
25 silly publish   scripts:
25 silly publish    { prepublish: 'nsp check',
25 silly publish      pretest: 'eslint .',
25 silly publish      precommit: 'lint-staged',
25 silly publish      test: 'jest' },
25 silly publish   'lint-staged':
25 silly publish    { '*.js': [ 'eslint --fix', 'git add' ],
25 silly publish      '*.json': [ 'prettier --write', 'git add' ] },
25 silly publish   eslintConfig:
25 silly publish    { extends: [ 'xo', 'prettier' ],
25 silly publish      env: { jest: true, node: true },
25 silly publish      rules: { 'prettier/prettier': [Object] },
25 silly publish      plugins: [ 'prettier' ] },
25 silly publish   repository:
25 silly publish    { type: 'git',
25 silly publish      url: 'git+https://github.com/uznam8x/generator-codenut.git' },
25 silly publish   license: 'GPLv2',
25 silly publish   readme: '# generator-codenut [![NPM version][npm-image]][npm-url] [![Build Status][travis-image]][travis-url] [![Dependency Status][daviddm-image]][daviddm-url] [![Coverage percentage][coveralls-image]][coveralls-url]\n> \n\n## Installation\n\nFirst, install [Yeoman](http://yeoman.io) and generator-codenut using [npm](https://www.npmjs.com/) (we assume you have pre-installed [node.js](https://nodejs.org/)).\n\n```bash\nnpm install -g yo\nnpm install -g generator-codenut\n```\n\nThen generate your new project:\n\n```bash\nyo codenut\n```\n\n## Getting To Know Yeoman\n\n * Yeoman has a heart of gold.\n * Yeoman is a person with feelings and opinions, but is very easy to work with.\n * Yeoman can be too opinionated at times but is easily convinced not to be.\n * Feel free to [learn more about Yeoman](http://yeoman.io/).\n\n## License\n\nApache-2.0 © [prisf](http://codenut.prisf.com)\n\n\n[npm-image]: https://badge.fury.io/js/generator-codenut.svg\n[npm-url]: https://npmjs.org/package/generator-codenut\n[travis-image]: https://travis-ci.org/uznam8x/generator-codenut.svg?branch=master\n[travis-url]: https://travis-ci.org/uznam8x/generator-codenut\n[daviddm-image]: https://david-dm.org/uznam8x/generator-codenut.svg?theme=shields.io\n[daviddm-url]: https://david-dm.org/uznam8x/generator-codenut\n[coveralls-image]: https://coveralls.io/repos/uznam8x/generator-codenut/badge.svg\n[coveralls-url]: https://coveralls.io/r/uznam8x/generator-codenut\n',
25 silly publish   readmeFilename: 'README.md',
25 silly publish   gitHead: 'cc8bf32f6b4d71f43aae3e9b4f3be00aa97d775a',
25 silly publish   bugs: { url: 'https://github.com/uznam8x/generator-codenut/issues' },
25 silly publish   _id: 'generator-codenut@0.2.24',
25 silly publish   _shasum: 'c0829e1614b944c3ed59b70d7ce26a72b6ab2bf5',
25 silly publish   _from: '.' }
26 verbose getPublishConfig undefined
27 silly mapToRegistry name generator-codenut
28 silly mapToRegistry using default registry
29 silly mapToRegistry registry https://registry.npmjs.org/
30 silly mapToRegistry data Result {
30 silly mapToRegistry   raw: 'generator-codenut',
30 silly mapToRegistry   scope: null,
30 silly mapToRegistry   escapedName: 'generator-codenut',
30 silly mapToRegistry   name: 'generator-codenut',
30 silly mapToRegistry   rawSpec: '',
30 silly mapToRegistry   spec: 'latest',
30 silly mapToRegistry   type: 'tag' }
31 silly mapToRegistry uri https://registry.npmjs.org/generator-codenut
32 verbose publish registryBase https://registry.npmjs.org/
33 silly publish uploading /Users/uznam8x/.npm/generator-codenut/0.2.24/package.tgz
34 verbose request uri https://registry.npmjs.org/generator-codenut
35 verbose request sending authorization for write operation
36 info attempt registry request try #1 at 7:31:24 PM
37 verbose request using bearer token for auth
38 verbose request id 8a0d7075626036f7
39 http request PUT https://registry.npmjs.org/generator-codenut
40 http 400 https://registry.npmjs.org/generator-codenut
41 verbose headers { 'content-type': 'application/json',
41 verbose headers   'cache-control': 'max-age=300',
41 verbose headers   'content-length': '98',
41 verbose headers   'accept-ranges': 'bytes',
41 verbose headers   date: 'Tue, 13 Feb 2018 10:31:27 GMT',
41 verbose headers   via: '1.1 varnish',
41 verbose headers   connection: 'keep-alive',
41 verbose headers   'x-served-by': 'cache-itm18825-ITM',
41 verbose headers   'x-cache': 'MISS',
41 verbose headers   'x-cache-hits': '0',
41 verbose headers   'x-timer': 'S1518517886.550071,VS0,VE2027',
41 verbose headers   vary: 'Accept-Encoding, Accept' }
42 verbose request invalidating /Users/uznam8x/.npm/registry.npmjs.org/generator-codenut on PUT
43 error publish Failed PUT 400
44 verbose stack Error: This package contains unacceptable content. Contact support@npmjs.com. : generator-codenut
44 verbose stack     at makeError (/Users/uznam8x/.nvm/versions/node/v6.11.4/lib/node_modules/npm/node_modules/npm-registry-client/lib/request.js:302:12)
44 verbose stack     at CachingRegistryClient.<anonymous> (/Users/uznam8x/.nvm/versions/node/v6.11.4/lib/node_modules/npm/node_modules/npm-registry-client/lib/request.js:290:14)
44 verbose stack     at Request._callback (/Users/uznam8x/.nvm/versions/node/v6.11.4/lib/node_modules/npm/node_modules/npm-registry-client/lib/request.js:210:14)
44 verbose stack     at Request.self.callback (/Users/uznam8x/.nvm/versions/node/v6.11.4/lib/node_modules/npm/node_modules/request/request.js:187:22)
44 verbose stack     at emitTwo (events.js:106:13)
44 verbose stack     at Request.emit (events.js:191:7)
44 verbose stack     at Request.<anonymous> (/Users/uznam8x/.nvm/versions/node/v6.11.4/lib/node_modules/npm/node_modules/request/request.js:1048:10)
44 verbose stack     at emitOne (events.js:96:13)
44 verbose stack     at Request.emit (events.js:188:7)
44 verbose stack     at IncomingMessage.<anonymous> (/Users/uznam8x/.nvm/versions/node/v6.11.4/lib/node_modules/npm/node_modules/request/request.js:969:12)
45 verbose statusCode 400
46 verbose pkgid generator-codenut
47 verbose cwd /Applications/MAMP/htdocs/web/generator-codenut
48 error Darwin 16.7.0
49 error argv "/Users/uznam8x/.nvm/versions/node/v6.11.4/bin/node" "/Users/uznam8x/.nvm/versions/node/v6.11.4/bin/npm" "publish"
50 error node v6.11.4
51 error npm  v3.10.10
52 error code E400
53 error This package contains unacceptable content. Contact support@npmjs.com. : generator-codenut
54 error If you need help, you may report this error at:
54 error     <https://github.com/npm/npm/issues>
55 verbose exit [ 1, true ]
